2025-01-03 03:49:22,628 - INFO - 模型測試成功
2025-01-03 03:49:22,633 - WARNING - Using CPU. Note: This module is much faster with a GPU.
2025-01-03 03:49:24,144 - INFO - OCR初始化完成
2025-01-03 03:49:25,763 - ERROR - 處理圖片失敗 0063e41b53567829_jpg.rf.f143141ae759bcbfbead4ea8146da45d.jpg: OpenCV(4.10.0) :-1: error: (-5:Bad argument) in function 'cvtColor'
> Overload resolution failed:
>  - src data type = bool is not supported
>  - Expected Ptr<cv::UMat> for argument 'src'

2025-01-03 03:49:26,930 - ERROR - 處理圖片失敗 006a2f13b5b16c64_jpg.rf.1559f3f976bad6120d96f538829a549f.jpg: OpenCV(4.10.0) :-1: error: (-5:Bad argument) in function 'cvtColor'
> Overload resolution failed:
>  - src data type = bool is not supported
>  - Expected Ptr<cv::UMat> for argument 'src'

2025-01-03 03:49:29,360 - ERROR - 處理圖片失敗 00d9db3d2c186504_jpg.rf.5a493e083834aa4b4748f09a073cc200.jpg: OpenCV(4.10.0) :-1: error: (-5:Bad argument) in function 'cvtColor'
> Overload resolution failed:
>  - src data type = bool is not supported
>  - Expected Ptr<cv::UMat> for argument 'src'

2025-01-03 03:49:30,257 - ERROR - 處理圖片失敗 180813110256204881_jpg.rf.e195df04032e965cc274f47bc0bc6eb8.jpg: OpenCV(4.10.0) :-1: error: (-5:Bad argument) in function 'cvtColor'
> Overload resolution failed:
>  - src data type = bool is not supported
>  - Expected Ptr<cv::UMat> for argument 'src'

2025-01-03 03:49:31,286 - ERROR - 處理圖片失敗 589222_jpg.rf.fce45ff8d9d6e21e30e5d18acea52b3a.jpg: OpenCV(4.10.0) :-1: error: (-5:Bad argument) in function 'cvtColor'
> Overload resolution failed:
>  - src data type = bool is not supported
>  - Expected Ptr<cv::UMat> for argument 'src'

2025-01-03 03:49:32,648 - ERROR - 處理圖片失敗 brightnessquandoi71_jpg.rf.e31e95cd182a43def79e5d3e16513f88.jpg: OpenCV(4.10.0) :-1: error: (-5:Bad argument) in function 'cvtColor'
> Overload resolution failed:
>  - src data type = bool is not supported
>  - Expected Ptr<cv::UMat> for argument 'src'

2025-01-03 03:49:33,006 - ERROR - 處理圖片失敗 Cars16_png_jpg.rf.f2e318e91ee7b04142e36087e2d9a1a2.jpg: OpenCV(4.10.0) :-1: error: (-5:Bad argument) in function 'cvtColor'
> Overload resolution failed:
>  - src data type = bool is not supported
>  - Expected Ptr<cv::UMat> for argument 'src'

2025-01-03 03:49:33,355 - ERROR - 處理圖片失敗 Cars289_png_jpg.rf.cb69e198ac53f62dd575fc7e8bd21559.jpg: OpenCV(4.10.0) :-1: error: (-5:Bad argument) in function 'cvtColor'
> Overload resolution failed:
>  - src data type = bool is not supported
>  - Expected Ptr<cv::UMat> for argument 'src'

2025-01-03 03:49:33,993 - ERROR - 處理圖片失敗 pic_074_jpg.rf.03e16d9789a43dcaee2b54622e82b8dd.jpg: OpenCV(4.10.0) :-1: error: (-5:Bad argument) in function 'cvtColor'
> Overload resolution failed:
>  - src data type = bool is not supported
>  - Expected Ptr<cv::UMat> for argument 'src'

2025-01-03 03:49:34,660 - ERROR - 處理圖片失敗 pic_213_jpg.rf.74029f100cc3c38b4655f6e4bfe1ddb1.jpg: OpenCV(4.10.0) :-1: error: (-5:Bad argument) in function 'cvtColor'
> Overload resolution failed:
>  - src data type = bool is not supported
>  - Expected Ptr<cv::UMat> for argument 'src'

2025-01-03 03:49:35,114 - ERROR - 處理圖片失敗 pic_742_jpg.rf.fed37264cfbb8aad43ba9b446fd7ce23.jpg: OpenCV(4.10.0) :-1: error: (-5:Bad argument) in function 'cvtColor'
> Overload resolution failed:
>  - src data type = bool is not supported
>  - Expected Ptr<cv::UMat> for argument 'src'

2025-01-03 03:49:35,829 - ERROR - 處理圖片失敗 rotatequandoi56_jpg.rf.2b5c15ef533a91f3859692fd3f265df6.jpg: OpenCV(4.10.0) :-1: error: (-5:Bad argument) in function 'cvtColor'
> Overload resolution failed:
>  - src data type = bool is not supported
>  - Expected Ptr<cv::UMat> for argument 'src'

2025-01-03 03:49:36,295 - ERROR - 處理圖片失敗 xemayBigPlate48_jpg.rf.c85fc0a4af591a35d6bf0a5ffb62160c.jpg: OpenCV(4.10.0) :-1: error: (-5:Bad argument) in function 'cvtColor'
> Overload resolution failed:
>  - src data type = bool is not supported
>  - Expected Ptr<cv::UMat> for argument 'src'

